[2020-04-16 12:39:44] LOG.DEBUG: GET /temas [] []
[2020-04-16 12:53:14] LOG.DEBUG: GET /temas [] []
[2020-04-16 12:53:40] LOG.DEBUG: GET /puntos [] []
[2020-04-16 12:53:47] LOG.DEBUG: GET /puntos [] []
[2020-04-16 12:53:52] LOG.DEBUG: GET /quiz [] []
[2020-04-16 12:53:57] LOG.DEBUG: GET /preguntas [] []
[2020-04-16 12:54:07] LOG.DEBUG: GET /user [] []
[2020-04-16 12:54:11] LOG.DEBUG: GET /pregunta [] []
[2020-04-16 12:54:15] LOG.DEBUG: POST /signin [] []
[2020-04-16 12:54:25] LOG.DEBUG: POST /preguntas [] []
[2020-04-16 12:55:18] LOG.DEBUG: PUT /pregunta [] []
[2020-04-16 12:57:22] LOG.DEBUG: PUT /user [] []
[2020-04-16 12:57:32] LOG.DEBUG: PUT /user [] []
[2020-04-16 12:57:50] LOG.DEBUG: PUT /puntos [] []
[2020-04-16 13:10:01] LOG.DEBUG: GET /temas [] []
[2020-04-16 13:10:09] LOG.DEBUG: GET /puntos [] []
[2020-04-16 13:10:16] LOG.DEBUG: GET /puntos [] []
[2020-04-16 13:10:20] LOG.DEBUG: GET /quiz [] []
[2020-04-16 13:10:25] LOG.DEBUG: GET /preguntas [] []
[2020-04-16 13:10:34] LOG.DEBUG: GET /user [] []
[2020-04-16 13:10:39] LOG.DEBUG: GET /pregunta [] []
[2020-04-16 13:10:53] LOG.DEBUG: POST /signup [] []
[2020-04-16 13:11:03] LOG.DEBUG: GET /puntos [] []
[2020-04-16 13:11:09] LOG.DEBUG: POST /signin [] []
[2020-04-16 13:11:16] LOG.DEBUG: PUT /pregunta [] []
[2020-04-16 13:11:21] LOG.DEBUG: PUT /user [] []
[2020-04-16 13:11:28] LOG.DEBUG: PUT /puntos [] []
[2020-04-16 13:12:17] LOG.DEBUG: PUT /puntos [] []
[2020-04-16 13:12:24] LOG.DEBUG: PUT /puntos [] []
[2020-04-16 13:12:30] LOG.DEBUG: GET /puntos [] []
[2020-04-20 13:39:03] LOG.DEBUG: POST /signin [] []
[2020-04-20 16:03:43] LOG.DEBUG: GET /user [] []
[2020-04-20 17:32:25] LOG.DEBUG: POST /signin [] []
[2020-04-20 17:35:13] LOG.DEBUG: POST /signin [] []
[2020-04-20 17:43:29] LOG.DEBUG: POST /signin [] []
[2020-04-20 17:56:34] LOG.DEBUG: POST /signin [] []
[2020-04-20 18:12:02] LOG.DEBUG: POST /signin [] []
[2020-04-20 18:13:07] LOG.DEBUG: POST /signin [] []
[2020-04-20 18:13:32] LOG.DEBUG: POST /signin [] []
[2020-04-20 18:14:05] LOG.DEBUG: POST /signin [] []
[2020-04-20 18:14:05] LOG.DEBUG: POST /signin [] []
[2020-04-20 18:14:51] LOG.DEBUG: POST /signin [] []
[2020-04-20 18:15:14] LOG.DEBUG: POST /signin [] []
[2020-04-20 18:15:55] LOG.DEBUG: POST /signin [] []
[2020-04-20 18:16:28] LOG.DEBUG: POST /signin [] []
[2020-04-20 18:16:34] LOG.DEBUG: POST /signin [] []
[2020-04-20 18:17:49] LOG.DEBUG: POST /signin [] []
[2020-04-20 18:20:46] LOG.DEBUG: POST /signin [] []
[2020-04-20 18:20:58] LOG.DEBUG: POST /signin [] []
[2020-04-20 18:21:10] LOG.DEBUG: POST /signin [] []
[2020-04-20 18:21:22] LOG.DEBUG: POST /signin [] []
[2020-04-20 18:24:43] LOG.DEBUG: GET /user [] []
[2020-04-20 18:25:07] LOG.DEBUG: POST /signin [] []
[2020-04-20 18:27:55] LOG.DEBUG: POST /signin [] []
[2020-04-20 18:28:54] LOG.DEBUG: POST /signin [] []
[2020-04-20 18:32:18] LOG.DEBUG: POST /signin [] []
[2020-04-20 18:32:30] LOG.DEBUG: POST /signin [] []
[2020-04-20 18:32:46] LOG.DEBUG: POST /signin [] []
[2020-04-20 18:32:46] LOG.DEBUG: POST /signin [] []
[2020-04-20 18:33:06] LOG.DEBUG: POST /signin [] []
[2020-04-20 18:41:50] LOG.DEBUG: POST /signin [] []
[2020-04-20 19:04:03] LOG.DEBUG: POST /signin [] []
[2020-04-20 19:06:13] LOG.DEBUG: POST /signin [] []
[2020-04-20 19:45:53] LOG.DEBUG: POST /signin [] []
[2020-04-20 19:48:24] LOG.DEBUG: GET /temas [] []
[2020-04-20 19:50:04] LOG.DEBUG: POST /signin [] []
[2020-04-20 19:52:36] LOG.DEBUG: POST /signin [] []
[2020-04-20 20:00:19] LOG.DEBUG: POST /signin [] []
[2020-04-20 20:43:36] LOG.DEBUG: POST /signin [] []
[2020-04-20 20:44:05] LOG.DEBUG: POST /signin [] []
[2020-04-20 20:44:12] LOG.DEBUG: POST /signin [] []
[2020-04-20 20:44:37] LOG.DEBUG: POST /signin [] []
[2020-04-20 20:45:45] LOG.DEBUG: POST /signin [] []
[2020-04-20 20:49:10] LOG.DEBUG: POST /signin [] []
[2020-04-20 20:49:17] LOG.DEBUG: POST /signin [] []
[2020-04-20 20:49:26] LOG.DEBUG: POST /signin [] []
[2020-04-20 20:49:34] LOG.DEBUG: POST /signin [] []
[2020-04-20 20:49:39] LOG.DEBUG: POST /signin [] []
[2020-04-20 20:49:44] LOG.DEBUG: POST /signin [] []
[2020-04-20 20:49:50] LOG.DEBUG: POST /signin [] []
[2020-04-20 20:49:55] LOG.DEBUG: POST /signin [] []
[2020-04-20 20:50:02] LOG.DEBUG: POST /signin [] []
[2020-04-20 20:50:07] LOG.DEBUG: POST /signin [] []
[2020-04-20 20:50:12] LOG.DEBUG: POST /signin [] []
[2020-04-20 20:50:16] LOG.DEBUG: POST /signin [] []
[2020-04-20 20:50:23] LOG.DEBUG: POST /signin [] []
[2020-04-20 20:50:52] LOG.DEBUG: POST /signin [] []
[2020-04-20 20:51:00] LOG.DEBUG: POST /signin [] []
[2020-04-20 20:51:06] LOG.DEBUG: POST /signin [] []
[2020-04-21 11:37:58] LOG.DEBUG: POST /signin [] []
[2020-04-21 11:38:09] LOG.DEBUG: POST /signin [] []
[2020-04-21 12:02:31] LOG.DEBUG: POST /signin [] []
[2020-04-21 12:11:26] LOG.DEBUG: POST /signin [] []
[2020-04-21 12:11:43] LOG.DEBUG: POST /signin [] []
[2020-04-21 12:15:26] LOG.DEBUG: POST /signin [] []
[2020-04-21 12:15:35] LOG.DEBUG: POST /signin [] []
[2020-04-21 12:27:40] LOG.DEBUG: POST /signin [] []
[2020-04-21 12:27:44] LOG.DEBUG: POST /signin [] []
[2020-04-21 12:27:47] LOG.DEBUG: POST /signin [] []
[2020-04-21 12:27:51] LOG.DEBUG: POST /signin [] []
[2020-04-21 12:27:54] LOG.DEBUG: POST /signin [] []
[2020-04-21 12:27:56] LOG.DEBUG: POST /signin [] []
[2020-04-21 12:27:59] LOG.DEBUG: POST /signin [] []
[2020-04-21 13:07:53] LOG.DEBUG: POST /signin [] []
[2020-04-21 13:08:18] LOG.DEBUG: POST /signin [] []
[2020-04-21 13:09:55] LOG.DEBUG: POST /signin [] []
[2020-04-21 13:10:26] LOG.DEBUG: POST /signin [] []
[2020-04-21 13:11:14] LOG.DEBUG: POST /signin [] []
[2020-04-21 13:11:33] LOG.DEBUG: POST /signin [] []
[2020-04-22 12:13:29] LOG.DEBUG: POST /signin [] []
[2020-04-22 13:21:53] LOG.DEBUG: GET /puntos [] []
[2020-04-22 13:47:50] LOG.DEBUG: POST /signin [] []
[2020-04-22 13:52:06] LOG.DEBUG: POST /signin [] []
[2020-04-22 13:52:31] LOG.DEBUG: POST /signup [] []
[2020-04-22 14:06:59] LOG.DEBUG: POST /signup [] []
[2020-04-22 14:07:06] LOG.DEBUG: POST /signup [] []
[2020-04-22 14:07:22] LOG.DEBUG: POST /signup [] []
[2020-04-22 14:07:51] LOG.DEBUG: POST /signup [] []
[2020-04-22 14:10:46] LOG.DEBUG: POST /signin [] []
[2020-04-22 14:13:34] LOG.DEBUG: POST /signup [] []
[2020-04-22 14:17:24] LOG.DEBUG: POST /signup [] []
[2020-04-22 14:19:06] LOG.DEBUG: POST /signup [] []
[2020-04-22 14:20:30] LOG.DEBUG: POST /signup [] []
[2020-04-22 14:39:40] LOG.DEBUG: POST /signin [] []
[2020-04-22 14:39:58] LOG.DEBUG: POST /signin [] []
[2020-04-22 15:07:14] LOG.DEBUG: POST /signin [] []
[2020-04-22 15:07:37] LOG.DEBUG: POST /signup [] []
[2020-04-22 15:07:44] LOG.DEBUG: POST /signup [] []
[2020-04-22 15:08:03] LOG.DEBUG: POST /signup [] []
[2020-04-22 15:09:43] LOG.DEBUG: POST /signup [] []
[2020-04-22 15:11:02] LOG.DEBUG: POST /signup [] []
[2020-04-22 15:12:52] LOG.DEBUG: POST /signup [] []
[2020-04-22 15:13:50] LOG.DEBUG: POST /signup [] []
[2020-04-22 15:14:05] LOG.DEBUG: POST /signin [] []
[2020-04-22 15:22:53] LOG.DEBUG: POST /signin [] []
[2020-04-22 15:23:12] LOG.DEBUG: POST /signup [] []
[2020-04-22 15:23:23] LOG.DEBUG: POST /signup [] []
[2020-04-22 15:31:11] LOG.DEBUG: POST /signin [] []
[2020-04-22 15:31:58] LOG.DEBUG: POST /signin [] []
[2020-04-22 15:36:17] LOG.DEBUG: POST /signin [] []
